<?xml version="1.0" encoding="UTF-8"?>
<!-- Generated by org.testng.reporters.JUnitReportReporter -->
<testsuite skipped="0" hostname="thirukiot" name="Tests.Ecommerce.TotalAmountTest" tests="1" failures="0" timestamp="2019-12-20T15:38:50 IST" time="32.747" errors="0">
  <testcase name="TotalAmountTest" time="32.747" classname="Tests.Ecommerce.TotalAmountTest"/>
</testsuite> <!-- Tests.Ecommerce.TotalAmountTest -->
