<?xml version="1.0" encoding="UTF-8"?>
<!-- Generated by org.testng.reporters.JUnitReportReporter -->
<testsuite skipped="0" hostname="thirukiot" name="Tests.Ecommerce.AddToCartTest" tests="1" failures="0" timestamp="2019-12-20T15:43:16 IST" time="31.084" errors="0">
  <testcase name="AddToCartTest" time="31.084" classname="Tests.Ecommerce.AddToCartTest"/>
</testsuite> <!-- Tests.Ecommerce.AddToCartTest -->
