<?xml version="1.0" encoding="UTF-8"?>
<!-- Generated by org.testng.reporters.JUnitReportReporter -->
<testsuite skipped="0" hostname="thirukiot" name="Tests.Ecommerce.ToastMessageTest" tests="1" failures="0" timestamp="2019-12-20T15:38:50 IST" time="21.995" errors="0">
  <testcase name="ToastMessagesTest" time="21.995" classname="Tests.Ecommerce.ToastMessageTest"/>
</testsuite> <!-- Tests.Ecommerce.ToastMessageTest -->
