<?xml version="1.0" encoding="UTF-8"?>
<!-- Generated by org.testng.reporters.JUnitReportReporter -->
<testsuite skipped="0" hostname="thirukiot" name="Tests.Ecommerce.HybridAppTest" tests="1" failures="0" timestamp="2019-12-20T15:45:10 IST" time="54.431" errors="0">
  <testcase name="HybridAppTest" time="54.431" classname="Tests.Ecommerce.HybridAppTest"/>
</testsuite> <!-- Tests.Ecommerce.HybridAppTest -->
