<?xml version="1.0" encoding="UTF-8"?>
<!-- Generated by org.testng.reporters.JUnitReportReporter -->
<testsuite skipped="0" hostname="thirukiot" name="Tests.Ecommerce.Ecommerce_tc_1_Test" tests="1" failures="0" timestamp="2019-12-20T15:38:50 IST" time="24.415" errors="0">
  <testcase name="test1Test" time="24.415" classname="Tests.Ecommerce.Ecommerce_tc_1_Test"/>
</testsuite> <!-- Tests.Ecommerce.Ecommerce_tc_1_Test -->
